Grammar

    0 $accept: statement $end

    1 statement: NAME '=' expression
    2          | expression

    3 expression: expression '+' expression
    4           | expression '-' expression
    5           | expression '*' expression
    6           | expression '/' expression
    7           | '-' expression
    8           | '(' expression ')'
    9           | NUMBER


Terminals, with rules where they appear

$end (0) 0
'(' (40) 8
')' (41) 8
'*' (42) 5
'+' (43) 3
'-' (45) 4 7
'/' (47) 6
'=' (61) 1
error (256)
NAME (258) 1
NUMBER (259) 9
UMINUS (260)


Nonterminals, with rules where they appear

$accept (13)
    on left: 0
statement (14)
    on left: 1 2, on right: 0
expression (15)
    on left: 3 4 5 6 7 8 9, on right: 1 2 3 4 5 6 7 8


State 0

    0 $accept: . statement $end

    NAME    shift, and go to state 1
    NUMBER  shift, and go to state 2
    '-'     shift, and go to state 3
    '('     shift, and go to state 4

    statement   go to state 5
    expression  go to state 6


State 1

    1 statement: NAME . '=' expression

    '='  shift, and go to state 7


State 2

    9 expression: NUMBER .

    $default  reduce using rule 9 (expression)


State 3

    7 expression: '-' . expression

    NUMBER  shift, and go to state 2
    '-'     shift, and go to state 3
    '('     shift, and go to state 4

    expression  go to state 8


State 4

    8 expression: '(' . expression ')'

    NUMBER  shift, and go to state 2
    '-'     shift, and go to state 3
    '('     shift, and go to state 4

    expression  go to state 9


State 5

    0 $accept: statement . $end

    $end  shift, and go to state 10


State 6

    2 statement: expression .
    3 expression: expression . '+' expression
    4           | expression . '-' expression
    5           | expression . '*' expression
    6           | expression . '/' expression

    '-'  shift, and go to state 11
    '+'  shift, and go to state 12
    '*'  shift, and go to state 13
    '/'  shift, and go to state 14

    $default  reduce using rule 2 (statement)


State 7

    1 statement: NAME '=' . expression

    NUMBER  shift, and go to state 2
    '-'     shift, and go to state 3
    '('     shift, and go to state 4

    expression  go to state 15


State 8

    3 expression: expression . '+' expression
    4           | expression . '-' expression
    5           | expression . '*' expression
    6           | expression . '/' expression
    7           | '-' expression .

    $default  reduce using rule 7 (expression)


State 9

    3 expression: expression . '+' expression
    4           | expression . '-' expression
    5           | expression . '*' expression
    6           | expression . '/' expression
    8           | '(' expression . ')'

    '-'  shift, and go to state 11
    '+'  shift, and go to state 12
    '*'  shift, and go to state 13
    '/'  shift, and go to state 14
    ')'  shift, and go to state 16


State 10

    0 $accept: statement $end .

    $default  accept


State 11

    4 expression: expression '-' . expression

    NUMBER  shift, and go to state 2
    '-'     shift, and go to state 3
    '('     shift, and go to state 4

    expression  go to state 17


State 12

    3 expression: expression '+' . expression

    NUMBER  shift, and go to state 2
    '-'     shift, and go to state 3
    '('     shift, and go to state 4

    expression  go to state 18


State 13

    5 expression: expression '*' . expression

    NUMBER  shift, and go to state 2
    '-'     shift, and go to state 3
    '('     shift, and go to state 4

    expression  go to state 19


State 14

    6 expression: expression '/' . expression

    NUMBER  shift, and go to state 2
    '-'     shift, and go to state 3
    '('     shift, and go to state 4

    expression  go to state 20


State 15

    1 statement: NAME '=' expression .
    3 expression: expression . '+' expression
    4           | expression . '-' expression
    5           | expression . '*' expression
    6           | expression . '/' expression

    '-'  shift, and go to state 11
    '+'  shift, and go to state 12
    '*'  shift, and go to state 13
    '/'  shift, and go to state 14

    $default  reduce using rule 1 (statement)


State 16

    8 expression: '(' expression ')' .

    $default  reduce using rule 8 (expression)


State 17

    3 expression: expression . '+' expression
    4           | expression . '-' expression
    4           | expression '-' expression .
    5           | expression . '*' expression
    6           | expression . '/' expression

    '*'  shift, and go to state 13
    '/'  shift, and go to state 14

    $default  reduce using rule 4 (expression)


State 18

    3 expression: expression . '+' expression
    3           | expression '+' expression .
    4           | expression . '-' expression
    5           | expression . '*' expression
    6           | expression . '/' expression

    '*'  shift, and go to state 13
    '/'  shift, and go to state 14

    $default  reduce using rule 3 (expression)


State 19

    3 expression: expression . '+' expression
    4           | expression . '-' expression
    5           | expression . '*' expression
    5           | expression '*' expression .
    6           | expression . '/' expression

    $default  reduce using rule 5 (expression)


State 20

    3 expression: expression . '+' expression
    4           | expression . '-' expression
    5           | expression . '*' expression
    6           | expression . '/' expression
    6           | expression '/' expression .

    $default  reduce using rule 6 (expression)
